composeApp/build/intermediates/manifest_merge_blame_file/debug/manifest-merger-blame-debug-report.txt
1<?xml version="1.0" encoding="utf-8"?>
2<manifest xmlns:android="http://schemas.android.com/apk/res/android"
3    package="dev.sudhanshu.taskmanager"
4    android:versionCode="1"
5    android:versionName="1.0" >
6
7    <uses-sdk
8        android:minSdkVersion="24"
9        android:targetSdkVersion="34" />
10
11    <uses-permission android:name="android.permission.ACCESS_NETWORK_STATE" />
11-->src\androidMain\AndroidManifest.xml:4:5-78
11-->src\androidMain\AndroidManifest.xml:4:22-76
12    <uses-permission android:name="android.permission.INTERNET" />
12-->src\androidMain\AndroidManifest.xml:5:5-66
12-->src\androidMain\AndroidManifest.xml:5:22-64
13    <uses-permission android:name="android.permission.VIBRATE" />
13-->src\androidMain\AndroidManifest.xml:6:5-66
13-->src\androidMain\AndroidManifest.xml:6:22-63
14    <uses-permission android:name="android.permission.USE_BIOMETRIC" /> <!-- suppress DeprecatedClassUsageInspection -->
14-->[androidx.biometric:biometric:1.2.0-alpha05] AndroidManifest.xml:22:5-72
14-->[androidx.biometric:biometric:1.2.0-alpha05] AndroidManifest.xml:22:22-69
15    <uses-permission android:name="android.permission.USE_FINGERPRINT" />
15-->[androidx.biometric:biometric:1.2.0-alpha05] AndroidManifest.xml:25:5-74
15-->[androidx.biometric:biometric:1.2.0-alpha05] AndroidManifest.xml:25:22-71
16
17    <permission
17-->[androidx.core:core:1.13.1] AndroidManifest.xml:22:5-24:47
18        android:name="dev.sudhanshu.taskmanager.DYNAMIC_RECEIVER_NOT_EXPORTED_PERMISSION"
18-->[androidx.core:core:1.13.1] AndroidManifest.xml:23:9-81
19        android:protectionLevel="signature" />
19-->[androidx.core:core:1.13.1] AndroidManifest.xml:24:9-44
20
21    <uses-permission android:name="dev.sudhanshu.taskmanager.DYNAMIC_RECEIVER_NOT_EXPORTED_PERMISSION" />
21-->[androidx.core:core:1.13.1] AndroidManifest.xml:26:5-97
21-->[androidx.core:core:1.13.1] AndroidManifest.xml:26:22-94
22
23    <application
23-->src\androidMain\AndroidManifest.xml:9:5-27:19
24        android:name="dev.sudhanshu.taskmanager.AndroidApp"
24-->src\androidMain\AndroidManifest.xml:13:9-35
25        android:allowBackup="true"
25-->src\androidMain\AndroidManifest.xml:10:9-35
26        android:appComponentFactory="androidx.core.app.CoreComponentFactory"
26-->[androidx.core:core:1.13.1] AndroidManifest.xml:28:18-86
27        android:debuggable="true"
28        android:extractNativeLibs="false"
29        android:icon="@mipmap/ic_launcher"
29-->src\androidMain\AndroidManifest.xml:11:9-43
30        android:label="@string/app_name"
30-->src\androidMain\AndroidManifest.xml:12:9-41
31        android:roundIcon="@mipmap/ic_launcher_round"
31-->src\androidMain\AndroidManifest.xml:14:9-54
32        android:supportsRtl="true"
32-->src\androidMain\AndroidManifest.xml:15:9-35
33        android:testOnly="true"
34        android:theme="@android:style/Theme.Material.Light.NoActionBar" >
34-->src\androidMain\AndroidManifest.xml:16:9-72
35        <activity
35-->src\androidMain\AndroidManifest.xml:17:9-26:20
36            android:name="dev.sudhanshu.taskmanager.MainActivity"
36-->src\androidMain\AndroidManifest.xml:20:13-41
37            android:configChanges="orientation|screenSize|screenLayout|keyboardHidden|mnc|colorMode|density|fontScale|fontWeightAdjustment|keyboard|layoutDirection|locale|mcc|navigation|smallestScreenSize|touchscreen|uiMode"
37-->src\androidMain\AndroidManifest.xml:19:13-225
38            android:exported="true" >
38-->src\androidMain\AndroidManifest.xml:18:13-36
39            <intent-filter>
39-->src\androidMain\AndroidManifest.xml:21:13-25:29
40                <action android:name="android.intent.action.MAIN" />
40-->src\androidMain\AndroidManifest.xml:22:17-69
40-->src\androidMain\AndroidManifest.xml:22:25-66
41
42                <category android:name="android.intent.category.LAUNCHER" />
42-->src\androidMain\AndroidManifest.xml:24:17-77
42-->src\androidMain\AndroidManifest.xml:24:27-74
43            </intent-filter>
44        </activity>
45
46        <provider
46-->[media.kamel:kamel-core-android:0.9.5] AndroidManifest.xml:11:9-19:20
47            android:name="androidx.startup.InitializationProvider"
47-->[media.kamel:kamel-core-android:0.9.5] AndroidManifest.xml:12:13-67
48            android:authorities="dev.sudhanshu.taskmanager.androidx-startup"
48-->[media.kamel:kamel-core-android:0.9.5] AndroidManifest.xml:13:13-68
49            android:exported="false" >
49-->[media.kamel:kamel-core-android:0.9.5] AndroidManifest.xml:14:13-37
50            <meta-data
50-->[media.kamel:kamel-core-android:0.9.5] AndroidManifest.xml:16:13-18:52
51                android:name="io.kamel.core.ApplicationContextInitializer"
51-->[media.kamel:kamel-core-android:0.9.5] AndroidManifest.xml:17:17-75
52                android:value="androidx.startup" />
52-->[media.kamel:kamel-core-android:0.9.5] AndroidManifest.xml:18:17-49
53            <meta-data
53-->[androidx.emoji2:emoji2:1.3.0] AndroidManifest.xml:29:13-31:52
54                android:name="androidx.emoji2.text.EmojiCompatInitializer"
54-->[androidx.emoji2:emoji2:1.3.0] AndroidManifest.xml:30:17-75
55                android:value="androidx.startup" />
55-->[androidx.emoji2:emoji2:1.3.0] AndroidManifest.xml:31:17-49
56            <meta-data
56-->[androidx.lifecycle:lifecycle-process:2.8.4] AndroidManifest.xml:29:13-31:52
57                android:name="androidx.lifecycle.ProcessLifecycleInitializer"
57-->[androidx.lifecycle:lifecycle-process:2.8.4] AndroidManifest.xml:30:17-78
58                android:value="androidx.startup" />
58-->[androidx.lifecycle:lifecycle-process:2.8.4] AndroidManifest.xml:31:17-49
59            <meta-data
59-->[androidx.profileinstaller:profileinstaller:1.3.1] AndroidManifest.xml:29:13-31:52
60                android:name="androidx.profileinstaller.ProfileInstallerInitializer"
60-->[androidx.profileinstaller:profileinstaller:1.3.1] AndroidManifest.xml:30:17-85
61                android:value="androidx.startup" />
61-->[androidx.profileinstaller:profileinstaller:1.3.1] AndroidManifest.xml:31:17-49
62        </provider>
63
64        <activity
64-->[androidx.compose.ui:ui-tooling-android:1.6.7] AndroidManifest.xml:23:9-25:39
65            android:name="androidx.compose.ui.tooling.PreviewActivity"
65-->[androidx.compose.ui:ui-tooling-android:1.6.7] AndroidManifest.xml:24:13-71
66            android:exported="true" />
66-->[androidx.compose.ui:ui-tooling-android:1.6.7] AndroidManifest.xml:25:13-36
67
68        <receiver
68-->[androidx.profileinstaller:profileinstaller:1.3.1] AndroidManifest.xml:34:9-52:20
69            android:name="androidx.profileinstaller.ProfileInstallReceiver"
69-->[androidx.profileinstaller:profileinstaller:1.3.1] AndroidManifest.xml:35:13-76
70            android:directBootAware="false"
70-->[androidx.profileinstaller:profileinstaller:1.3.1] AndroidManifest.xml:36:13-44
71            android:enabled="true"
71-->[androidx.profileinstaller:profileinstaller:1.3.1] AndroidManifest.xml:37:13-35
72            android:exported="true"
72-->[androidx.profileinstaller:profileinstaller:1.3.1] AndroidManifest.xml:38:13-36
73            android:permission="android.permission.DUMP" >
73-->[androidx.profileinstaller:profileinstaller:1.3.1] AndroidManifest.xml:39:13-57
74            <intent-filter>
74-->[androidx.profileinstaller:profileinstaller:1.3.1] AndroidManifest.xml:40:13-42:29
75                <action android:name="androidx.profileinstaller.action.INSTALL_PROFILE" />
75-->[androidx.profileinstaller:profileinstaller:1.3.1] AndroidManifest.xml:41:17-91
75-->[androidx.profileinstaller:profileinstaller:1.3.1] AndroidManifest.xml:41:25-88
76            </intent-filter>
77            <intent-filter>
77-->[androidx.profileinstaller:profileinstaller:1.3.1] AndroidManifest.xml:43:13-45:29
78                <action android:name="androidx.profileinstaller.action.SKIP_FILE" />
78-->[androidx.profileinstaller:profileinstaller:1.3.1] AndroidManifest.xml:44:17-85
78-->[androidx.profileinstaller:profileinstaller:1.3.1] AndroidManifest.xml:44:25-82
79            </intent-filter>
80            <intent-filter>
80-->[androidx.profileinstaller:profileinstaller:1.3.1] AndroidManifest.xml:46:13-48:29
81                <action android:name="androidx.profileinstaller.action.SAVE_PROFILE" />
81-->[androidx.profileinstaller:profileinstaller:1.3.1] AndroidManifest.xml:47:17-88
81-->[androidx.profileinstaller:profileinstaller:1.3.1] AndroidManifest.xml:47:25-85
82            </intent-filter>
83            <intent-filter>
83-->[androidx.profileinstaller:profileinstaller:1.3.1] AndroidManifest.xml:49:13-51:29
84                <action android:name="androidx.profileinstaller.action.BENCHMARK_OPERATION" />
84-->[androidx.profileinstaller:profileinstaller:1.3.1] AndroidManifest.xml:50:17-95
84-->[androidx.profileinstaller:profileinstaller:1.3.1] AndroidManifest.xml:50:25-92
85            </intent-filter>
86        </receiver>
87    </application>
88
89</manifest>